[21:47:30] [main/INFO] (FabricLoader/GameProvider) Loading Minecraft 1.19.3 with Fabric Loader 0.14.14
[21:47:31] [main/INFO] (FabricLoader) Loading 40 mods:
	- fabric-api 0.74.0+1.19.3
	- fabric-api-base 0.4.21+70be179c85
	- fabric-api-lookup-api-v1 1.6.20+49abcf7e85
	- fabric-biome-api-v1 12.1.1+b5d379b085
	- fabric-block-api-v1 1.0.5+e022e5d185
	- fabric-command-api-v2 2.2.1+3fc4752e85
	- fabric-content-registries-v0 3.5.1+1d37d50285
	- fabric-convention-tags-v1 1.2.2+8e4e694f85
	- fabric-crash-report-info-v1 0.2.14+aeb40ebe85
	- fabric-data-generation-api-v1 11.3.0+40dc7a9485
	- fabric-dimensions-v1 2.1.42+00a2eb1085
	- fabric-entity-events-v1 1.5.7+b83334a085
	- fabric-events-interaction-v0 0.4.40+3baeb27a85
	- fabric-game-rule-api-v1 1.0.30+99f9db8085
	- fabric-gametest-api-v1 1.2.0+2ff127f585
	- fabric-item-api-v1 2.1.10+312c329485
	- fabric-item-group-api-v1 2.1.12+1134c5b885
	- fabric-lifecycle-events-v1 2.2.10+23a79c8a85
	- fabric-loot-api-v2 1.1.20+75e9821185
	- fabric-message-api-v1 5.0.14+6ede1da985
	- fabric-mining-level-api-v1 2.1.31+49abcf7e85
	- fabric-networking-api-v1 1.2.17+4017a8cb85
	- fabric-object-builder-api-v1 5.4.1+eb2a3ba985
	- fabric-particles-v1 1.0.20+f1e4495b85
	- fabric-recipe-api-v1 1.0.1+5176f73d85
	- fabric-registry-sync-v0 2.0.5+1134c5b885
	- fabric-rendering-data-attachment-v1 0.3.25+afca2f3e85
	- fabric-rendering-fluids-v1 3.0.18+f1e4495b85
	- fabric-resource-conditions-api-v1 2.3.0+e63306e085
	- fabric-resource-loader-v0 0.10.5+a91e48b785
	- fabric-screen-handler-api-v1 1.3.13+99f9db8085
	- fabric-transfer-api-v1 2.1.15+ccd377ba85
	- fabric-transitive-access-wideners-v1 2.3.1+40dc7a9485
	- fabricloader 0.14.14
	- java 17
	- minecraft 1.19.3
	- packet_tweaker 0.3.0+1.18.2
	- polymer-common 0.3.9+1.19.3
	- polymer-networking 0.3.9+1.19.3
	- yetanotherauthmod 1.0.0
[21:47:31] [main/INFO] (FabricLoader/Mixin) SpongePowered MIXIN Subsystem Version=0.8.5 Source=file:/home/skidam/.gradle/caches/modules-2/files-2.1/net.fabricmc/sponge-mixin/0.11.4+mixin.0.8.5/c1dc27696aa4006e492c2485c9ccbcb26045a971/sponge-mixin-0.11.4+mixin.0.8.5.jar Service=Knot/Fabric Env=SERVER
[21:47:31] [main/INFO] (FabricLoader/Mixin) Loaded Fabric development mappings for mixin remapper!
[21:47:31] [main/INFO] (FabricLoader/Mixin) Compatibility level set to JAVA_16
[21:47:31] [main/INFO] (FabricLoader/Mixin) Compatibility level set to JAVA_17
[21:47:34] [main/INFO] (Minecraft) Building unoptimized datafixer
[21:47:35] [main/INFO] (yetanotherauthmod) Hello Fabric world!
[21:47:35] [main/INFO] (Minecraft) Environment: authHost='https://authserver.mojang.com', accountsHost='https://api.mojang.com', sessionHost='https://sessionserver.mojang.com', servicesHost='https://api.minecraftservices.com', name='PROD'
[21:47:36] [main/INFO] (Minecraft) Loaded 7 recipes
[21:47:36] [main/INFO] (Minecraft) Loaded 1179 advancements
[21:47:36] [main/INFO] (BiomeModificationImpl) Applied 0 biome modifications to 0 of 63 new biomes in 907.3 μs
[21:47:36] [Server thread/INFO] (Minecraft) Starting minecraft server version 1.19.3
[21:47:36] [Server thread/INFO] (Minecraft) Loading properties
[21:47:36] [Server thread/INFO] (Minecraft) Default game type: SURVIVAL
[21:47:36] [Server thread/INFO] (Minecraft) Generating keypair
[21:47:36] [Server thread/INFO] (Minecraft) Starting Minecraft server on *:25565
[21:47:37] [Server thread/INFO] (Minecraft) Using epoll channel type
[21:47:37] [Server thread/WARN] (Minecraft) **** SERVER IS RUNNING IN OFFLINE/INSECURE MODE!
[21:47:37] [Server thread/WARN] (Minecraft) The server will make no attempt to authenticate usernames. Beware.
[21:47:37] [Server thread/WARN] (Minecraft) While this makes the game possible to play without internet access, it also opens up the ability for hackers to connect with any username they choose.
[21:47:37] [Server thread/WARN] (Minecraft) To change this, set "online-mode" to "true" in the server.properties file.
[21:47:37] [Server thread/INFO] (Minecraft) Preparing level "world"
[21:47:37] [Server thread/INFO] (Minecraft) Preparing start region for dimension minecraft:overworld
[21:47:39] [Worker-Main-9/INFO] (Minecraft) Preparing spawn area: 0%
[21:47:39] [Worker-Main-9/INFO] (Minecraft) Preparing spawn area: 0%
[21:47:39] [Worker-Main-9/INFO] (Minecraft) Preparing spawn area: 0%
[21:47:39] [Worker-Main-3/INFO] (Minecraft) Preparing spawn area: 0%
[21:47:39] [Worker-Main-7/INFO] (Minecraft) Preparing spawn area: 44%
[21:47:40] [Worker-Main-5/INFO] (Minecraft) Preparing spawn area: 81%
[21:47:40] [Worker-Main-8/INFO] (Minecraft) Preparing spawn area: 85%
[21:47:41] [Server thread/INFO] (Minecraft) Time elapsed: 3355 ms
[21:47:41] [Server thread/INFO] (Minecraft) Done (4.221s)! For help, type "help"
[21:47:43] [Server thread/INFO] (yetanotherauthmod) Player Skidam joined to limbo!
